-------------------------------------------------------------------------------
Test set: com.source.project.entity.LoanIntegrationTest
-------------------------------------------------------------------------------
Tests run: 12, Failures: 0, Errors: 8, Skipped: 0, Time elapsed: 0.255 sec <<< FAILURE!
testFlush(com.source.project.entity.LoanIntegrationTest)  Time elapsed: 0.046 sec  <<< ERROR!
java.lang.RuntimeException: [ConstraintDescriptorImpl{annotation=javax.validation.constraints.NotNull, payloads=[], hasComposingConstraints=true, isReportAsSingleInvalidConstraint=false, elementType=FIELD, definedOn=DEFINED_LOCALLY, groups=[interface javax.validation.groups.Default], attributes={message={javax.validation.constraints.NotNull.message}, payload=[Ljava.lang.Class;@edec92, groups=[Ljava.lang.Class;@46a658}}:may not be null=null][ConstraintDescriptorImpl{annotation=javax.validation.constraints.NotNull, payloads=[], hasComposingConstraints=true, isReportAsSingleInvalidConstraint=false, elementType=FIELD, definedOn=DEFINED_LOCALLY, groups=[interface javax.validation.groups.Default], attributes={message={javax.validation.constraints.NotNull.message}, payload=[Ljava.lang.Class;@edec92, groups=[Ljava.lang.Class;@46a658}}:may not be null=null][ConstraintDescriptorImpl{annotation=javax.validation.constraints.NotNull, payloads=[], hasComposingConstraints=true, isReportAsSingleInvalidConstraint=false, elementType=FIELD, definedOn=DEFINED_LOCALLY, groups=[interface javax.validation.groups.Default], attributes={message={javax.validation.constraints.NotNull.message}, payload=[Ljava.lang.Class;@edec92, groups=[Ljava.lang.Class;@46a658}}:may not be null=null]
	at com.source.project.entity.LoanDataOnDemand_Roo_DataOnDemand.ajc$interMethod$com_source_project_entity_LoanDataOnDemand_Roo_DataOnDemand$com_source_project_entity_LoanDataOnDemand$init(LoanDataOnDemand_Roo_DataOnDemand.aj:130)
	at com.source.project.entity.LoanDataOnDemand.init(LoanDataOnDemand.java:1)
	at com.source.project.entity.LoanDataOnDemand_Roo_DataOnDemand.ajc$interMethodDispatch1$com_source_project_entity_LoanDataOnDemand_Roo_DataOnDemand$com_source_project_entity_LoanDataOnDemand$init(LoanDataOnDemand_Roo_DataOnDemand.aj)
	at com.source.project.entity.LoanDataOnDemand_Roo_DataOnDemand.ajc$interMethod$com_source_project_entity_LoanDataOnDemand_Roo_DataOnDemand$com_source_project_entity_LoanDataOnDemand$getRandomLoan(LoanDataOnDemand_Roo_DataOnDemand.aj:98)
	at com.source.project.entity.LoanDataOnDemand.getRandomLoan(LoanDataOnDemand.java:1)
	at com.source.project.entity.LoanDataOnDemand_Roo_DataOnDemand.ajc$interMethodDispatch1$com_source_project_entity_LoanDataOnDemand_Roo_DataOnDemand$com_source_project_entity_LoanDataOnDemand$getRandomLoan(LoanDataOnDemand_Roo_DataOnDemand.aj)
	at com.source.project.entity.LoanIntegrationTest_Roo_IntegrationTest.ajc$interMethod$com_source_project_entity_LoanIntegrationTest_Roo_IntegrationTest$com_source_project_entity_LoanIntegrationTest$testFlush(LoanIntegrationTest_Roo_IntegrationTest.aj:71)
	at com.source.project.entity.LoanIntegrationTest.testFlush(LoanIntegrationTest.java:1)
	at sun.reflect.NativeMethodAccessorImpl.invoke0(Native Method)
	at sun.reflect.NativeMethodAccessorImpl.invoke(NativeMethodAccessorImpl.java:39)
	at sun.reflect.DelegatingMethodAccessorImpl.invoke(DelegatingMethodAccessorImpl.java:25)
	at java.lang.reflect.Method.invoke(Method.java:597)
	at org.junit.runners.model.FrameworkMethod$1.runReflectiveCall(FrameworkMethod.java:44)
	at org.junit.internal.runners.model.ReflectiveCallable.run(ReflectiveCallable.java:15)
	at org.junit.runners.model.FrameworkMethod.invokeExplosively(FrameworkMethod.java:41)
	at org.junit.internal.runners.statements.InvokeMethod.evaluate(InvokeMethod.java:20)
	at org.springframework.test.context.junit4.statements.RunBeforeTestMethodCallbacks.evaluate(RunBeforeTestMethodCallbacks.java:74)
	at org.springframework.test.context.junit4.statements.RunAfterTestMethodCallbacks.evaluate(RunAfterTestMethodCallbacks.java:83)
	at org.springframework.test.context.junit4.statements.SpringRepeat.evaluate(SpringRepeat.java:72)
	at org.springframework.test.context.junit4.SpringJUnit4ClassRunner.runChild(SpringJUnit4ClassRunner.java:231)
	at org.junit.runners.BlockJUnit4ClassRunner.runChild(BlockJUnit4ClassRunner.java:48)
	at org.junit.runners.ParentRunner$3.run(ParentRunner.java:231)
	at org.junit.runners.ParentRunner$1.schedule(ParentRunner.java:60)
	at org.junit.runners.ParentRunner.runChildren(ParentRunner.java:229)
	at org.junit.runners.ParentRunner.access$000(ParentRunner.java:50)
	at org.junit.runners.ParentRunner$2.evaluate(ParentRunner.java:222)
	at org.springframework.test.context.junit4.statements.RunBeforeTestClassCallbacks.evaluate(RunBeforeTestClassCallbacks.java:61)
	at org.springframework.test.context.junit4.statements.RunAfterTestClassCallbacks.evaluate(RunAfterTestClassCallbacks.java:71)
	at org.junit.runners.ParentRunner.run(ParentRunner.java:292)
	at org.springframework.test.context.junit4.SpringJUnit4ClassRunner.run(SpringJUnit4ClassRunner.java:174)
	at org.apache.maven.surefire.junit4.JUnit4TestSet.execute(JUnit4TestSet.java:53)
	at org.apache.maven.surefire.junit4.JUnit4Provider.executeTestSet(JUnit4Provider.java:123)
	at org.apache.maven.surefire.junit4.JUnit4Provider.invoke(JUnit4Provider.java:104)
	at sun.reflect.NativeMethodAccessorImpl.invoke0(Native Method)
	at sun.reflect.NativeMethodAccessorImpl.invoke(NativeMethodAccessorImpl.java:39)
	at sun.reflect.DelegatingMethodAccessorImpl.invoke(DelegatingMethodAccessorImpl.java:25)
	at java.lang.reflect.Method.invoke(Method.java:597)
	at org.apache.maven.surefire.util.ReflectionUtils.invokeMethodWithArray(ReflectionUtils.java:164)
	at org.apache.maven.surefire.booter.ProviderFactory$ProviderProxy.invoke(ProviderFactory.java:110)
	at org.apache.maven.surefire.booter.SurefireStarter.invokeProvider(SurefireStarter.java:172)
	at org.apache.maven.surefire.booter.SurefireStarter.runSuitesInProcessWhenForked(SurefireStarter.java:104)
	at org.apache.maven.surefire.booter.ForkedBooter.main(ForkedBooter.java:70)
Caused by: javax.validation.ConstraintViolationException: Validation failed for classes [com.source.project.entity.Loan] during persist time for groups [javax.validation.groups.Default, ]
List of constraint violations:[
	ConstraintViolationImpl{interpolatedMessage='may not be null', propertyPath=moneyLoan, rootBeanClass=class com.source.project.entity.Loan, messageTemplate='{javax.validation.constraints.NotNull.message}'}
	ConstraintViolationImpl{interpolatedMessage='may not be null', propertyPath=accountNumber, rootBeanClass=class com.source.project.entity.Loan, messageTemplate='{javax.validation.constraints.NotNull.message}'}
	ConstraintViolationImpl{interpolatedMessage='may not be null', propertyPath=reason, rootBeanClass=class com.source.project.entity.Loan, messageTemplate='{javax.validation.constraints.NotNull.message}'}
]
	at org.hibernate.cfg.beanvalidation.BeanValidationEventListener.validate(BeanValidationEventListener.java:161)
	at org.hibernate.cfg.beanvalidation.BeanValidationEventListener.onPreInsert(BeanValidationEventListener.java:94)
	at org.hibernate.action.EntityIdentityInsertAction.preInsert(EntityIdentityInsertAction.java:160)
	at org.hibernate.action.EntityIdentityInsertAction.execute(EntityIdentityInsertAction.java:65)
	at org.hibernate.engine.ActionQueue.execute(ActionQueue.java:273)
	at org.hibernate.event.def.AbstractSaveEventListener.performSaveOrReplicate(AbstractSaveEventListener.java:320)
	at org.hibernate.event.def.AbstractSaveEventListener.performSave(AbstractSaveEventListener.java:203)
	at org.hibernate.event.def.AbstractSaveEventListener.saveWithGeneratedId(AbstractSaveEventListener.java:129)
	at org.hibernate.ejb.event.EJB3PersistEventListener.saveWithGeneratedId(EJB3PersistEventListener.java:69)
	at org.hibernate.event.def.DefaultPersistEventListener.entityIsTransient(DefaultPersistEventListener.java:179)
	at org.hibernate.event.def.DefaultPersistEventListener.onPersist(DefaultPersistEventListener.java:135)
	at org.hibernate.event.def.DefaultPersistEventListener.onPersist(DefaultPersistEventListener.java:61)
	at org.hibernate.impl.SessionImpl.firePersist(SessionImpl.java:808)
	at org.hibernate.impl.SessionImpl.persist(SessionImpl.java:782)
	at org.hibernate.impl.SessionImpl.persist(SessionImpl.java:786)
	at org.hibernate.ejb.AbstractEntityManagerImpl.persist(AbstractEntityManagerImpl.java:837)
	at sun.reflect.GeneratedMethodAccessor17.invoke(Unknown Source)
	at sun.reflect.DelegatingMethodAccessorImpl.invoke(DelegatingMethodAccessorImpl.java:25)
	at java.lang.reflect.Method.invoke(Method.java:597)
	at org.springframework.orm.jpa.SharedEntityManagerCreator$SharedEntityManagerInvocationHandler.invoke(SharedEntityManagerCreator.java:240)
	at $Proxy36.persist(Unknown Source)
	at com.source.project.entity.Loan_Roo_Jpa_ActiveRecord.ajc$interMethod$com_source_project_entity_Loan_Roo_Jpa_ActiveRecord$com_source_project_entity_Loan$persist(Loan_Roo_Jpa_ActiveRecord.aj:43)
	at com.source.project.entity.Loan.persist(Loan.java:1)
	at com.source.project.entity.Loan_Roo_Jpa_ActiveRecord.ajc$interMethodDispatch1$com_source_project_entity_Loan_Roo_Jpa_ActiveRecord$com_source_project_entity_Loan$persist(Loan_Roo_Jpa_ActiveRecord.aj)
	at com.source.project.entity.LoanDataOnDemand_Roo_DataOnDemand.ajc$interMethod$com_source_project_entity_LoanDataOnDemand_Roo_DataOnDemand$com_source_project_entity_LoanDataOnDemand$init(LoanDataOnDemand_Roo_DataOnDemand.aj:123)
	... 41 more
testMergeUpdate(com.source.project.entity.LoanIntegrationTest)  Time elapsed: 0.026 sec  <<< ERROR!
java.lang.RuntimeException: [ConstraintDescriptorImpl{annotation=javax.validation.constraints.NotNull, payloads=[], hasComposingConstraints=true, isReportAsSingleInvalidConstraint=false, elementType=FIELD, definedOn=DEFINED_LOCALLY, groups=[interface javax.validation.groups.Default], attributes={message={javax.validation.constraints.NotNull.message}, payload=[Ljava.lang.Class;@edec92, groups=[Ljava.lang.Class;@46a658}}:may not be null=null][ConstraintDescriptorImpl{annotation=javax.validation.constraints.NotNull, payloads=[], hasComposingConstraints=true, isReportAsSingleInvalidConstraint=false, elementType=FIELD, definedOn=DEFINED_LOCALLY, groups=[interface javax.validation.groups.Default], attributes={message={javax.validation.constraints.NotNull.message}, payload=[Ljava.lang.Class;@edec92, groups=[Ljava.lang.Class;@46a658}}:may not be null=null][ConstraintDescriptorImpl{annotation=javax.validation.constraints.NotNull, payloads=[], hasComposingConstraints=true, isReportAsSingleInvalidConstraint=false, elementType=FIELD, definedOn=DEFINED_LOCALLY, groups=[interface javax.validation.groups.Default], attributes={message={javax.validation.constraints.NotNull.message}, payload=[Ljava.lang.Class;@edec92, groups=[Ljava.lang.Class;@46a658}}:may not be null=null]
	at com.source.project.entity.LoanDataOnDemand_Roo_DataOnDemand.ajc$interMethod$com_source_project_entity_LoanDataOnDemand_Roo_DataOnDemand$com_source_project_entity_LoanDataOnDemand$init(LoanDataOnDemand_Roo_DataOnDemand.aj:130)
	at com.source.project.entity.LoanDataOnDemand.init(LoanDataOnDemand.java:1)
	at com.source.project.entity.LoanDataOnDemand_Roo_DataOnDemand.ajc$interMethodDispatch1$com_source_project_entity_LoanDataOnDemand_Roo_DataOnDemand$com_source_project_entity_LoanDataOnDemand$init(LoanDataOnDemand_Roo_DataOnDemand.aj)
	at com.source.project.entity.LoanDataOnDemand_Roo_DataOnDemand.ajc$interMethod$com_source_project_entity_LoanDataOnDemand_Roo_DataOnDemand$com_source_project_entity_LoanDataOnDemand$getRandomLoan(LoanDataOnDemand_Roo_DataOnDemand.aj:98)
	at com.source.project.entity.LoanDataOnDemand.getRandomLoan(LoanDataOnDemand.java:1)
	at com.source.project.entity.LoanDataOnDemand_Roo_DataOnDemand.ajc$interMethodDispatch1$com_source_project_entity_LoanDataOnDemand_Roo_DataOnDemand$com_source_project_entity_LoanDataOnDemand$getRandomLoan(LoanDataOnDemand_Roo_DataOnDemand.aj)
	at com.source.project.entity.LoanIntegrationTest_Roo_IntegrationTest.ajc$interMethod$com_source_project_entity_LoanIntegrationTest_Roo_IntegrationTest$com_source_project_entity_LoanIntegrationTest$testMergeUpdate(LoanIntegrationTest_Roo_IntegrationTest.aj:85)
	at com.source.project.entity.LoanIntegrationTest.testMergeUpdate(LoanIntegrationTest.java:1)
	at sun.reflect.NativeMethodAccessorImpl.invoke0(Native Method)
	at sun.reflect.NativeMethodAccessorImpl.invoke(NativeMethodAccessorImpl.java:39)
	at sun.reflect.DelegatingMethodAccessorImpl.invoke(DelegatingMethodAccessorImpl.java:25)
	at java.lang.reflect.Method.invoke(Method.java:597)
	at org.junit.runners.model.FrameworkMethod$1.runReflectiveCall(FrameworkMethod.java:44)
	at org.junit.internal.runners.model.ReflectiveCallable.run(ReflectiveCallable.java:15)
	at org.junit.runners.model.FrameworkMethod.invokeExplosively(FrameworkMethod.java:41)
	at org.junit.internal.runners.statements.InvokeMethod.evaluate(InvokeMethod.java:20)
	at org.springframework.test.context.junit4.statements.RunBeforeTestMethodCallbacks.evaluate(RunBeforeTestMethodCallbacks.java:74)
	at org.springframework.test.context.junit4.statements.RunAfterTestMethodCallbacks.evaluate(RunAfterTestMethodCallbacks.java:83)
	at org.springframework.test.context.junit4.statements.SpringRepeat.evaluate(SpringRepeat.java:72)
	at org.springframework.test.context.junit4.SpringJUnit4ClassRunner.runChild(SpringJUnit4ClassRunner.java:231)
	at org.junit.runners.BlockJUnit4ClassRunner.runChild(BlockJUnit4ClassRunner.java:48)
	at org.junit.runners.ParentRunner$3.run(ParentRunner.java:231)
	at org.junit.runners.ParentRunner$1.schedule(ParentRunner.java:60)
	at org.junit.runners.ParentRunner.runChildren(ParentRunner.java:229)
	at org.junit.runners.ParentRunner.access$000(ParentRunner.java:50)
	at org.junit.runners.ParentRunner$2.evaluate(ParentRunner.java:222)
	at org.springframework.test.context.junit4.statements.RunBeforeTestClassCallbacks.evaluate(RunBeforeTestClassCallbacks.java:61)
	at org.springframework.test.context.junit4.statements.RunAfterTestClassCallbacks.evaluate(RunAfterTestClassCallbacks.java:71)
	at org.junit.runners.ParentRunner.run(ParentRunner.java:292)
	at org.springframework.test.context.junit4.SpringJUnit4ClassRunner.run(SpringJUnit4ClassRunner.java:174)
	at org.apache.maven.surefire.junit4.JUnit4TestSet.execute(JUnit4TestSet.java:53)
	at org.apache.maven.surefire.junit4.JUnit4Provider.executeTestSet(JUnit4Provider.java:123)
	at org.apache.maven.surefire.junit4.JUnit4Provider.invoke(JUnit4Provider.java:104)
	at sun.reflect.NativeMethodAccessorImpl.invoke0(Native Method)
	at sun.reflect.NativeMethodAccessorImpl.invoke(NativeMethodAccessorImpl.java:39)
	at sun.reflect.DelegatingMethodAccessorImpl.invoke(DelegatingMethodAccessorImpl.java:25)
	at java.lang.reflect.Method.invoke(Method.java:597)
	at org.apache.maven.surefire.util.ReflectionUtils.invokeMethodWithArray(ReflectionUtils.java:164)
	at org.apache.maven.surefire.booter.ProviderFactory$ProviderProxy.invoke(ProviderFactory.java:110)
	at org.apache.maven.surefire.booter.SurefireStarter.invokeProvider(SurefireStarter.java:172)
	at org.apache.maven.surefire.booter.SurefireStarter.runSuitesInProcessWhenForked(SurefireStarter.java:104)
	at org.apache.maven.surefire.booter.ForkedBooter.main(ForkedBooter.java:70)
Caused by: javax.validation.ConstraintViolationException: Validation failed for classes [com.source.project.entity.Loan] during persist time for groups [javax.validation.groups.Default, ]
List of constraint violations:[
	ConstraintViolationImpl{interpolatedMessage='may not be null', propertyPath=moneyLoan, rootBeanClass=class com.source.project.entity.Loan, messageTemplate='{javax.validation.constraints.NotNull.message}'}
	ConstraintViolationImpl{interpolatedMessage='may not be null', propertyPath=accountNumber, rootBeanClass=class com.source.project.entity.Loan, messageTemplate='{javax.validation.constraints.NotNull.message}'}
	ConstraintViolationImpl{interpolatedMessage='may not be null', propertyPath=reason, rootBeanClass=class com.source.project.entity.Loan, messageTemplate='{javax.validation.constraints.NotNull.message}'}
]
	at org.hibernate.cfg.beanvalidation.BeanValidationEventListener.validate(BeanValidationEventListener.java:161)
	at org.hibernate.cfg.beanvalidation.BeanValidationEventListener.onPreInsert(BeanValidationEventListener.java:94)
	at org.hibernate.action.EntityIdentityInsertAction.preInsert(EntityIdentityInsertAction.java:160)
	at org.hibernate.action.EntityIdentityInsertAction.execute(EntityIdentityInsertAction.java:65)
	at org.hibernate.engine.ActionQueue.execute(ActionQueue.java:273)
	at org.hibernate.event.def.AbstractSaveEventListener.performSaveOrReplicate(AbstractSaveEventListener.java:320)
	at org.hibernate.event.def.AbstractSaveEventListener.performSave(AbstractSaveEventListener.java:203)
	at org.hibernate.event.def.AbstractSaveEventListener.saveWithGeneratedId(AbstractSaveEventListener.java:129)
	at org.hibernate.ejb.event.EJB3PersistEventListener.saveWithGeneratedId(EJB3PersistEventListener.java:69)
	at org.hibernate.event.def.DefaultPersistEventListener.entityIsTransient(DefaultPersistEventListener.java:179)
	at org.hibernate.event.def.DefaultPersistEventListener.onPersist(DefaultPersistEventListener.java:135)
	at org.hibernate.event.def.DefaultPersistEventListener.onPersist(DefaultPersistEventListener.java:61)
	at org.hibernate.impl.SessionImpl.firePersist(SessionImpl.java:808)
	at org.hibernate.impl.SessionImpl.persist(SessionImpl.java:782)
	at org.hibernate.impl.SessionImpl.persist(SessionImpl.java:786)
	at org.hibernate.ejb.AbstractEntityManagerImpl.persist(AbstractEntityManagerImpl.java:837)
	at sun.reflect.GeneratedMethodAccessor17.invoke(Unknown Source)
	at sun.reflect.DelegatingMethodAccessorImpl.invoke(DelegatingMethodAccessorImpl.java:25)
	at java.lang.reflect.Method.invoke(Method.java:597)
	at org.springframework.orm.jpa.SharedEntityManagerCreator$SharedEntityManagerInvocationHandler.invoke(SharedEntityManagerCreator.java:240)
	at $Proxy36.persist(Unknown Source)
	at com.source.project.entity.Loan_Roo_Jpa_ActiveRecord.ajc$interMethod$com_source_project_entity_Loan_Roo_Jpa_ActiveRecord$com_source_project_entity_Loan$persist(Loan_Roo_Jpa_ActiveRecord.aj:43)
	at com.source.project.entity.Loan.persist(Loan.java:1)
	at com.source.project.entity.Loan_Roo_Jpa_ActiveRecord.ajc$interMethodDispatch1$com_source_project_entity_Loan_Roo_Jpa_ActiveRecord$com_source_project_entity_Loan$persist(Loan_Roo_Jpa_ActiveRecord.aj)
	at com.source.project.entity.LoanDataOnDemand_Roo_DataOnDemand.ajc$interMethod$com_source_project_entity_LoanDataOnDemand_Roo_DataOnDemand$com_source_project_entity_LoanDataOnDemand$init(LoanDataOnDemand_Roo_DataOnDemand.aj:123)
	... 41 more
testPersist(com.source.project.entity.LoanIntegrationTest)  Time elapsed: 0.001 sec  <<< ERROR!
java.lang.RuntimeException: [ConstraintDescriptorImpl{annotation=javax.validation.constraints.NotNull, payloads=[], hasComposingConstraints=true, isReportAsSingleInvalidConstraint=false, elementType=FIELD, definedOn=DEFINED_LOCALLY, groups=[interface javax.validation.groups.Default], attributes={message={javax.validation.constraints.NotNull.message}, payload=[Ljava.lang.Class;@edec92, groups=[Ljava.lang.Class;@46a658}}:may not be null=null][ConstraintDescriptorImpl{annotation=javax.validation.constraints.NotNull, payloads=[], hasComposingConstraints=true, isReportAsSingleInvalidConstraint=false, elementType=FIELD, definedOn=DEFINED_LOCALLY, groups=[interface javax.validation.groups.Default], attributes={message={javax.validation.constraints.NotNull.message}, payload=[Ljava.lang.Class;@edec92, groups=[Ljava.lang.Class;@46a658}}:may not be null=null][ConstraintDescriptorImpl{annotation=javax.validation.constraints.NotNull, payloads=[], hasComposingConstraints=true, isReportAsSingleInvalidConstraint=false, elementType=FIELD, definedOn=DEFINED_LOCALLY, groups=[interface javax.validation.groups.Default], attributes={message={javax.validation.constraints.NotNull.message}, payload=[Ljava.lang.Class;@edec92, groups=[Ljava.lang.Class;@46a658}}:may not be null=null]
	at com.source.project.entity.LoanDataOnDemand_Roo_DataOnDemand.ajc$interMethod$com_source_project_entity_LoanDataOnDemand_Roo_DataOnDemand$com_source_project_entity_LoanDataOnDemand$init(LoanDataOnDemand_Roo_DataOnDemand.aj:130)
	at com.source.project.entity.LoanDataOnDemand.init(LoanDataOnDemand.java:1)
	at com.source.project.entity.LoanDataOnDemand_Roo_DataOnDemand.ajc$interMethodDispatch1$com_source_project_entity_LoanDataOnDemand_Roo_DataOnDemand$com_source_project_entity_LoanDataOnDemand$init(LoanDataOnDemand_Roo_DataOnDemand.aj)
	at com.source.project.entity.LoanDataOnDemand_Roo_DataOnDemand.ajc$interMethod$com_source_project_entity_LoanDataOnDemand_Roo_DataOnDemand$com_source_project_entity_LoanDataOnDemand$getRandomLoan(LoanDataOnDemand_Roo_DataOnDemand.aj:98)
	at com.source.project.entity.LoanDataOnDemand.getRandomLoan(LoanDataOnDemand.java:1)
	at com.source.project.entity.LoanDataOnDemand_Roo_DataOnDemand.ajc$interMethodDispatch1$com_source_project_entity_LoanDataOnDemand_Roo_DataOnDemand$com_source_project_entity_LoanDataOnDemand$getRandomLoan(LoanDataOnDemand_Roo_DataOnDemand.aj)
	at com.source.project.entity.LoanIntegrationTest_Roo_IntegrationTest.ajc$interMethod$com_source_project_entity_LoanIntegrationTest_Roo_IntegrationTest$com_source_project_entity_LoanIntegrationTest$testPersist(LoanIntegrationTest_Roo_IntegrationTest.aj:100)
	at com.source.project.entity.LoanIntegrationTest.testPersist(LoanIntegrationTest.java:1)
	at sun.reflect.NativeMethodAccessorImpl.invoke0(Native Method)
	at sun.reflect.NativeMethodAccessorImpl.invoke(NativeMethodAccessorImpl.java:39)
	at sun.reflect.DelegatingMethodAccessorImpl.invoke(DelegatingMethodAccessorImpl.java:25)
	at java.lang.reflect.Method.invoke(Method.java:597)
	at org.junit.runners.model.FrameworkMethod$1.runReflectiveCall(FrameworkMethod.java:44)
	at org.junit.internal.runners.model.ReflectiveCallable.run(ReflectiveCallable.java:15)
	at org.junit.runners.model.FrameworkMethod.invokeExplosively(FrameworkMethod.java:41)
	at org.junit.internal.runners.statements.InvokeMethod.evaluate(InvokeMethod.java:20)
	at org.springframework.test.context.junit4.statements.RunBeforeTestMethodCallbacks.evaluate(RunBeforeTestMethodCallbacks.java:74)
	at org.springframework.test.context.junit4.statements.RunAfterTestMethodCallbacks.evaluate(RunAfterTestMethodCallbacks.java:83)
	at org.springframework.test.context.junit4.statements.SpringRepeat.evaluate(SpringRepeat.java:72)
	at org.springframework.test.context.junit4.SpringJUnit4ClassRunner.runChild(SpringJUnit4ClassRunner.java:231)
	at org.junit.runners.BlockJUnit4ClassRunner.runChild(BlockJUnit4ClassRunner.java:48)
	at org.junit.runners.ParentRunner$3.run(ParentRunner.java:231)
	at org.junit.runners.ParentRunner$1.schedule(ParentRunner.java:60)
	at org.junit.runners.ParentRunner.runChildren(ParentRunner.java:229)
	at org.junit.runners.ParentRunner.access$000(ParentRunner.java:50)
	at org.junit.runners.ParentRunner$2.evaluate(ParentRunner.java:222)
	at org.springframework.test.context.junit4.statements.RunBeforeTestClassCallbacks.evaluate(RunBeforeTestClassCallbacks.java:61)
	at org.springframework.test.context.junit4.statements.RunAfterTestClassCallbacks.evaluate(RunAfterTestClassCallbacks.java:71)
	at org.junit.runners.ParentRunner.run(ParentRunner.java:292)
	at org.springframework.test.context.junit4.SpringJUnit4ClassRunner.run(SpringJUnit4ClassRunner.java:174)
	at org.apache.maven.surefire.junit4.JUnit4TestSet.execute(JUnit4TestSet.java:53)
	at org.apache.maven.surefire.junit4.JUnit4Provider.executeTestSet(JUnit4Provider.java:123)
	at org.apache.maven.surefire.junit4.JUnit4Provider.invoke(JUnit4Provider.java:104)
	at sun.reflect.NativeMethodAccessorImpl.invoke0(Native Method)
	at sun.reflect.NativeMethodAccessorImpl.invoke(NativeMethodAccessorImpl.java:39)
	at sun.reflect.DelegatingMethodAccessorImpl.invoke(DelegatingMethodAccessorImpl.java:25)
	at java.lang.reflect.Method.invoke(Method.java:597)
	at org.apache.maven.surefire.util.ReflectionUtils.invokeMethodWithArray(ReflectionUtils.java:164)
	at org.apache.maven.surefire.booter.ProviderFactory$ProviderProxy.invoke(ProviderFactory.java:110)
	at org.apache.maven.surefire.booter.SurefireStarter.invokeProvider(SurefireStarter.java:172)
	at org.apache.maven.surefire.booter.SurefireStarter.runSuitesInProcessWhenForked(SurefireStarter.java:104)
	at org.apache.maven.surefire.booter.ForkedBooter.main(ForkedBooter.java:70)
Caused by: javax.validation.ConstraintViolationException: Validation failed for classes [com.source.project.entity.Loan] during persist time for groups [javax.validation.groups.Default, ]
List of constraint violations:[
	ConstraintViolationImpl{interpolatedMessage='may not be null', propertyPath=reason, rootBeanClass=class com.source.project.entity.Loan, messageTemplate='{javax.validation.constraints.NotNull.message}'}
	ConstraintViolationImpl{interpolatedMessage='may not be null', propertyPath=moneyLoan, rootBeanClass=class com.source.project.entity.Loan, messageTemplate='{javax.validation.constraints.NotNull.message}'}
	ConstraintViolationImpl{interpolatedMessage='may not be null', propertyPath=accountNumber, rootBeanClass=class com.source.project.entity.Loan, messageTemplate='{javax.validation.constraints.NotNull.message}'}
]
	at org.hibernate.cfg.beanvalidation.BeanValidationEventListener.validate(BeanValidationEventListener.java:161)
	at org.hibernate.cfg.beanvalidation.BeanValidationEventListener.onPreInsert(BeanValidationEventListener.java:94)
	at org.hibernate.action.EntityIdentityInsertAction.preInsert(EntityIdentityInsertAction.java:160)
	at org.hibernate.action.EntityIdentityInsertAction.execute(EntityIdentityInsertAction.java:65)
	at org.hibernate.engine.ActionQueue.execute(ActionQueue.java:273)
	at org.hibernate.event.def.AbstractSaveEventListener.performSaveOrReplicate(AbstractSaveEventListener.java:320)
	at org.hibernate.event.def.AbstractSaveEventListener.performSave(AbstractSaveEventListener.java:203)
	at org.hibernate.event.def.AbstractSaveEventListener.saveWithGeneratedId(AbstractSaveEventListener.java:129)
	at org.hibernate.ejb.event.EJB3PersistEventListener.saveWithGeneratedId(EJB3PersistEventListener.java:69)
	at org.hibernate.event.def.DefaultPersistEventListener.entityIsTransient(DefaultPersistEventListener.java:179)
	at org.hibernate.event.def.DefaultPersistEventListener.onPersist(DefaultPersistEventListener.java:135)
	at org.hibernate.event.def.DefaultPersistEventListener.onPersist(DefaultPersistEventListener.java:61)
	at org.hibernate.impl.SessionImpl.firePersist(SessionImpl.java:808)
	at org.hibernate.impl.SessionImpl.persist(SessionImpl.java:782)
	at org.hibernate.impl.SessionImpl.persist(SessionImpl.java:786)
	at org.hibernate.ejb.AbstractEntityManagerImpl.persist(AbstractEntityManagerImpl.java:837)
	at sun.reflect.GeneratedMethodAccessor17.invoke(Unknown Source)
	at sun.reflect.DelegatingMethodAccessorImpl.invoke(DelegatingMethodAccessorImpl.java:25)
	at java.lang.reflect.Method.invoke(Method.java:597)
	at org.springframework.orm.jpa.SharedEntityManagerCreator$SharedEntityManagerInvocationHandler.invoke(SharedEntityManagerCreator.java:240)
	at $Proxy36.persist(Unknown Source)
	at com.source.project.entity.Loan_Roo_Jpa_ActiveRecord.ajc$interMethod$com_source_project_entity_Loan_Roo_Jpa_ActiveRecord$com_source_project_entity_Loan$persist(Loan_Roo_Jpa_ActiveRecord.aj:43)
	at com.source.project.entity.Loan.persist(Loan.java:1)
	at com.source.project.entity.Loan_Roo_Jpa_ActiveRecord.ajc$interMethodDispatch1$com_source_project_entity_Loan_Roo_Jpa_ActiveRecord$com_source_project_entity_Loan$persist(Loan_Roo_Jpa_ActiveRecord.aj)
	at com.source.project.entity.LoanDataOnDemand_Roo_DataOnDemand.ajc$interMethod$com_source_project_entity_LoanDataOnDemand_Roo_DataOnDemand$com_source_project_entity_LoanDataOnDemand$init(LoanDataOnDemand_Roo_DataOnDemand.aj:123)
	... 41 more
testRemove(com.source.project.entity.LoanIntegrationTest)  Time elapsed: 0.014 sec  <<< ERROR!
java.lang.RuntimeException: [ConstraintDescriptorImpl{annotation=javax.validation.constraints.NotNull, payloads=[], hasComposingConstraints=true, isReportAsSingleInvalidConstraint=false, elementType=FIELD, definedOn=DEFINED_LOCALLY, groups=[interface javax.validation.groups.Default], attributes={message={javax.validation.constraints.NotNull.message}, payload=[Ljava.lang.Class;@edec92, groups=[Ljava.lang.Class;@46a658}}:may not be null=null][ConstraintDescriptorImpl{annotation=javax.validation.constraints.NotNull, payloads=[], hasComposingConstraints=true, isReportAsSingleInvalidConstraint=false, elementType=FIELD, definedOn=DEFINED_LOCALLY, groups=[interface javax.validation.groups.Default], attributes={message={javax.validation.constraints.NotNull.message}, payload=[Ljava.lang.Class;@edec92, groups=[Ljava.lang.Class;@46a658}}:may not be null=null][ConstraintDescriptorImpl{annotation=javax.validation.constraints.NotNull, payloads=[], hasComposingConstraints=true, isReportAsSingleInvalidConstraint=false, elementType=FIELD, definedOn=DEFINED_LOCALLY, groups=[interface javax.validation.groups.Default], attributes={message={javax.validation.constraints.NotNull.message}, payload=[Ljava.lang.Class;@edec92, groups=[Ljava.lang.Class;@46a658}}:may not be null=null]
	at com.source.project.entity.LoanDataOnDemand_Roo_DataOnDemand.ajc$interMethod$com_source_project_entity_LoanDataOnDemand_Roo_DataOnDemand$com_source_project_entity_LoanDataOnDemand$init(LoanDataOnDemand_Roo_DataOnDemand.aj:130)
	at com.source.project.entity.LoanDataOnDemand.init(LoanDataOnDemand.java:1)
	at com.source.project.entity.LoanDataOnDemand_Roo_DataOnDemand.ajc$interMethodDispatch1$com_source_project_entity_LoanDataOnDemand_Roo_DataOnDemand$com_source_project_entity_LoanDataOnDemand$init(LoanDataOnDemand_Roo_DataOnDemand.aj)
	at com.source.project.entity.LoanDataOnDemand_Roo_DataOnDemand.ajc$interMethod$com_source_project_entity_LoanDataOnDemand_Roo_DataOnDemand$com_source_project_entity_LoanDataOnDemand$getRandomLoan(LoanDataOnDemand_Roo_DataOnDemand.aj:98)
	at com.source.project.entity.LoanDataOnDemand.getRandomLoan(LoanDataOnDemand.java:1)
	at com.source.project.entity.LoanDataOnDemand_Roo_DataOnDemand.ajc$interMethodDispatch1$com_source_project_entity_LoanDataOnDemand_Roo_DataOnDemand$com_source_project_entity_LoanDataOnDemand$getRandomLoan(LoanDataOnDemand_Roo_DataOnDemand.aj)
	at com.source.project.entity.LoanIntegrationTest_Roo_IntegrationTest.ajc$interMethod$com_source_project_entity_LoanIntegrationTest_Roo_IntegrationTest$com_source_project_entity_LoanIntegrationTest$testRemove(LoanIntegrationTest_Roo_IntegrationTest.aj:111)
	at com.source.project.entity.LoanIntegrationTest.testRemove(LoanIntegrationTest.java:1)
	at sun.reflect.NativeMethodAccessorImpl.invoke0(Native Method)
	at sun.reflect.NativeMethodAccessorImpl.invoke(NativeMethodAccessorImpl.java:39)
	at sun.reflect.DelegatingMethodAccessorImpl.invoke(DelegatingMethodAccessorImpl.java:25)
	at java.lang.reflect.Method.invoke(Method.java:597)
	at org.junit.runners.model.FrameworkMethod$1.runReflectiveCall(FrameworkMethod.java:44)
	at org.junit.internal.runners.model.ReflectiveCallable.run(ReflectiveCallable.java:15)
	at org.junit.runners.model.FrameworkMethod.invokeExplosively(FrameworkMethod.java:41)
	at org.junit.internal.runners.statements.InvokeMethod.evaluate(InvokeMethod.java:20)
	at org.springframework.test.context.junit4.statements.RunBeforeTestMethodCallbacks.evaluate(RunBeforeTestMethodCallbacks.java:74)
	at org.springframework.test.context.junit4.statements.RunAfterTestMethodCallbacks.evaluate(RunAfterTestMethodCallbacks.java:83)
	at org.springframework.test.context.junit4.statements.SpringRepeat.evaluate(SpringRepeat.java:72)
	at org.springframework.test.context.junit4.SpringJUnit4ClassRunner.runChild(SpringJUnit4ClassRunner.java:231)
	at org.junit.runners.BlockJUnit4ClassRunner.runChild(BlockJUnit4ClassRunner.java:48)
	at org.junit.runners.ParentRunner$3.run(ParentRunner.java:231)
	at org.junit.runners.ParentRunner$1.schedule(ParentRunner.java:60)
	at org.junit.runners.ParentRunner.runChildren(ParentRunner.java:229)
	at org.junit.runners.ParentRunner.access$000(ParentRunner.java:50)
	at org.junit.runners.ParentRunner$2.evaluate(ParentRunner.java:222)
	at org.springframework.test.context.junit4.statements.RunBeforeTestClassCallbacks.evaluate(RunBeforeTestClassCallbacks.java:61)
	at org.springframework.test.context.junit4.statements.RunAfterTestClassCallbacks.evaluate(RunAfterTestClassCallbacks.java:71)
	at org.junit.runners.ParentRunner.run(ParentRunner.java:292)
	at org.springframework.test.context.junit4.SpringJUnit4ClassRunner.run(SpringJUnit4ClassRunner.java:174)
	at org.apache.maven.surefire.junit4.JUnit4TestSet.execute(JUnit4TestSet.java:53)
	at org.apache.maven.surefire.junit4.JUnit4Provider.executeTestSet(JUnit4Provider.java:123)
	at org.apache.maven.surefire.junit4.JUnit4Provider.invoke(JUnit4Provider.java:104)
	at sun.reflect.NativeMethodAccessorImpl.invoke0(Native Method)
	at sun.reflect.NativeMethodAccessorImpl.invoke(NativeMethodAccessorImpl.java:39)
	at sun.reflect.DelegatingMethodAccessorImpl.invoke(DelegatingMethodAccessorImpl.java:25)
	at java.lang.reflect.Method.invoke(Method.java:597)
	at org.apache.maven.surefire.util.ReflectionUtils.invokeMethodWithArray(ReflectionUtils.java:164)
	at org.apache.maven.surefire.booter.ProviderFactory$ProviderProxy.invoke(ProviderFactory.java:110)
	at org.apache.maven.surefire.booter.SurefireStarter.invokeProvider(SurefireStarter.java:172)
	at org.apache.maven.surefire.booter.SurefireStarter.runSuitesInProcessWhenForked(SurefireStarter.java:104)
	at org.apache.maven.surefire.booter.ForkedBooter.main(ForkedBooter.java:70)
Caused by: javax.validation.ConstraintViolationException: Validation failed for classes [com.source.project.entity.Loan] during persist time for groups [javax.validation.groups.Default, ]
List of constraint violations:[
	ConstraintViolationImpl{interpolatedMessage='may not be null', propertyPath=reason, rootBeanClass=class com.source.project.entity.Loan, messageTemplate='{javax.validation.constraints.NotNull.message}'}
	ConstraintViolationImpl{interpolatedMessage='may not be null', propertyPath=accountNumber, rootBeanClass=class com.source.project.entity.Loan, messageTemplate='{javax.validation.constraints.NotNull.message}'}
	ConstraintViolationImpl{interpolatedMessage='may not be null', propertyPath=moneyLoan, rootBeanClass=class com.source.project.entity.Loan, messageTemplate='{javax.validation.constraints.NotNull.message}'}
]
	at org.hibernate.cfg.beanvalidation.BeanValidationEventListener.validate(BeanValidationEventListener.java:161)
	at org.hibernate.cfg.beanvalidation.BeanValidationEventListener.onPreInsert(BeanValidationEventListener.java:94)
	at org.hibernate.action.EntityIdentityInsertAction.preInsert(EntityIdentityInsertAction.java:160)
	at org.hibernate.action.EntityIdentityInsertAction.execute(EntityIdentityInsertAction.java:65)
	at org.hibernate.engine.ActionQueue.execute(ActionQueue.java:273)
	at org.hibernate.event.def.AbstractSaveEventListener.performSaveOrReplicate(AbstractSaveEventListener.java:320)
	at org.hibernate.event.def.AbstractSaveEventListener.performSave(AbstractSaveEventListener.java:203)
	at org.hibernate.event.def.AbstractSaveEventListener.saveWithGeneratedId(AbstractSaveEventListener.java:129)
	at org.hibernate.ejb.event.EJB3PersistEventListener.saveWithGeneratedId(EJB3PersistEventListener.java:69)
	at org.hibernate.event.def.DefaultPersistEventListener.entityIsTransient(DefaultPersistEventListener.java:179)
	at org.hibernate.event.def.DefaultPersistEventListener.onPersist(DefaultPersistEventListener.java:135)
	at org.hibernate.event.def.DefaultPersistEventListener.onPersist(DefaultPersistEventListener.java:61)
	at org.hibernate.impl.SessionImpl.firePersist(SessionImpl.java:808)
	at org.hibernate.impl.SessionImpl.persist(SessionImpl.java:782)
	at org.hibernate.impl.SessionImpl.persist(SessionImpl.java:786)
	at org.hibernate.ejb.AbstractEntityManagerImpl.persist(AbstractEntityManagerImpl.java:837)
	at sun.reflect.GeneratedMethodAccessor17.invoke(Unknown Source)
	at sun.reflect.DelegatingMethodAccessorImpl.invoke(DelegatingMethodAccessorImpl.java:25)
	at java.lang.reflect.Method.invoke(Method.java:597)
	at org.springframework.orm.jpa.SharedEntityManagerCreator$SharedEntityManagerInvocationHandler.invoke(SharedEntityManagerCreator.java:240)
	at $Proxy36.persist(Unknown Source)
	at com.source.project.entity.Loan_Roo_Jpa_ActiveRecord.ajc$interMethod$com_source_project_entity_Loan_Roo_Jpa_ActiveRecord$com_source_project_entity_Loan$persist(Loan_Roo_Jpa_ActiveRecord.aj:43)
	at com.source.project.entity.Loan.persist(Loan.java:1)
	at com.source.project.entity.Loan_Roo_Jpa_ActiveRecord.ajc$interMethodDispatch1$com_source_project_entity_Loan_Roo_Jpa_ActiveRecord$com_source_project_entity_Loan$persist(Loan_Roo_Jpa_ActiveRecord.aj)
	at com.source.project.entity.LoanDataOnDemand_Roo_DataOnDemand.ajc$interMethod$com_source_project_entity_LoanDataOnDemand_Roo_DataOnDemand$com_source_project_entity_LoanDataOnDemand$init(LoanDataOnDemand_Roo_DataOnDemand.aj:123)
	... 41 more
testCountLoans(com.source.project.entity.LoanIntegrationTest)  Time elapsed: 0.023 sec  <<< ERROR!
java.lang.RuntimeException: [ConstraintDescriptorImpl{annotation=javax.validation.constraints.NotNull, payloads=[], hasComposingConstraints=true, isReportAsSingleInvalidConstraint=false, elementType=FIELD, definedOn=DEFINED_LOCALLY, groups=[interface javax.validation.groups.Default], attributes={message={javax.validation.constraints.NotNull.message}, payload=[Ljava.lang.Class;@edec92, groups=[Ljava.lang.Class;@46a658}}:may not be null=null][ConstraintDescriptorImpl{annotation=javax.validation.constraints.NotNull, payloads=[], hasComposingConstraints=true, isReportAsSingleInvalidConstraint=false, elementType=FIELD, definedOn=DEFINED_LOCALLY, groups=[interface javax.validation.groups.Default], attributes={message={javax.validation.constraints.NotNull.message}, payload=[Ljava.lang.Class;@edec92, groups=[Ljava.lang.Class;@46a658}}:may not be null=null][ConstraintDescriptorImpl{annotation=javax.validation.constraints.NotNull, payloads=[], hasComposingConstraints=true, isReportAsSingleInvalidConstraint=false, elementType=FIELD, definedOn=DEFINED_LOCALLY, groups=[interface javax.validation.groups.Default], attributes={message={javax.validation.constraints.NotNull.message}, payload=[Ljava.lang.Class;@edec92, groups=[Ljava.lang.Class;@46a658}}:may not be null=null]
	at com.source.project.entity.LoanDataOnDemand_Roo_DataOnDemand.ajc$interMethod$com_source_project_entity_LoanDataOnDemand_Roo_DataOnDemand$com_source_project_entity_LoanDataOnDemand$init(LoanDataOnDemand_Roo_DataOnDemand.aj:130)
	at com.source.project.entity.LoanDataOnDemand.init(LoanDataOnDemand.java:1)
	at com.source.project.entity.LoanDataOnDemand_Roo_DataOnDemand.ajc$interMethodDispatch1$com_source_project_entity_LoanDataOnDemand_Roo_DataOnDemand$com_source_project_entity_LoanDataOnDemand$init(LoanDataOnDemand_Roo_DataOnDemand.aj)
	at com.source.project.entity.LoanDataOnDemand_Roo_DataOnDemand.ajc$interMethod$com_source_project_entity_LoanDataOnDemand_Roo_DataOnDemand$com_source_project_entity_LoanDataOnDemand$getRandomLoan(LoanDataOnDemand_Roo_DataOnDemand.aj:98)
	at com.source.project.entity.LoanDataOnDemand.getRandomLoan(LoanDataOnDemand.java:1)
	at com.source.project.entity.LoanDataOnDemand_Roo_DataOnDemand.ajc$interMethodDispatch1$com_source_project_entity_LoanDataOnDemand_Roo_DataOnDemand$com_source_project_entity_LoanDataOnDemand$getRandomLoan(LoanDataOnDemand_Roo_DataOnDemand.aj)
	at com.source.project.entity.LoanIntegrationTest_Roo_IntegrationTest.ajc$interMethod$com_source_project_entity_LoanIntegrationTest_Roo_IntegrationTest$com_source_project_entity_LoanIntegrationTest$testCountLoans(LoanIntegrationTest_Roo_IntegrationTest.aj:31)
	at com.source.project.entity.LoanIntegrationTest.testCountLoans(LoanIntegrationTest.java:1)
	at sun.reflect.NativeMethodAccessorImpl.invoke0(Native Method)
	at sun.reflect.NativeMethodAccessorImpl.invoke(NativeMethodAccessorImpl.java:39)
	at sun.reflect.DelegatingMethodAccessorImpl.invoke(DelegatingMethodAccessorImpl.java:25)
	at java.lang.reflect.Method.invoke(Method.java:597)
	at org.junit.runners.model.FrameworkMethod$1.runReflectiveCall(FrameworkMethod.java:44)
	at org.junit.internal.runners.model.ReflectiveCallable.run(ReflectiveCallable.java:15)
	at org.junit.runners.model.FrameworkMethod.invokeExplosively(FrameworkMethod.java:41)
	at org.junit.internal.runners.statements.InvokeMethod.evaluate(InvokeMethod.java:20)
	at org.springframework.test.context.junit4.statements.RunBeforeTestMethodCallbacks.evaluate(RunBeforeTestMethodCallbacks.java:74)
	at org.springframework.test.context.junit4.statements.RunAfterTestMethodCallbacks.evaluate(RunAfterTestMethodCallbacks.java:83)
	at org.springframework.test.context.junit4.statements.SpringRepeat.evaluate(SpringRepeat.java:72)
	at org.springframework.test.context.junit4.SpringJUnit4ClassRunner.runChild(SpringJUnit4ClassRunner.java:231)
	at org.junit.runners.BlockJUnit4ClassRunner.runChild(BlockJUnit4ClassRunner.java:48)
	at org.junit.runners.ParentRunner$3.run(ParentRunner.java:231)
	at org.junit.runners.ParentRunner$1.schedule(ParentRunner.java:60)
	at org.junit.runners.ParentRunner.runChildren(ParentRunner.java:229)
	at org.junit.runners.ParentRunner.access$000(ParentRunner.java:50)
	at org.junit.runners.ParentRunner$2.evaluate(ParentRunner.java:222)
	at org.springframework.test.context.junit4.statements.RunBeforeTestClassCallbacks.evaluate(RunBeforeTestClassCallbacks.java:61)
	at org.springframework.test.context.junit4.statements.RunAfterTestClassCallbacks.evaluate(RunAfterTestClassCallbacks.java:71)
	at org.junit.runners.ParentRunner.run(ParentRunner.java:292)
	at org.springframework.test.context.junit4.SpringJUnit4ClassRunner.run(SpringJUnit4ClassRunner.java:174)
	at org.apache.maven.surefire.junit4.JUnit4TestSet.execute(JUnit4TestSet.java:53)
	at org.apache.maven.surefire.junit4.JUnit4Provider.executeTestSet(JUnit4Provider.java:123)
	at org.apache.maven.surefire.junit4.JUnit4Provider.invoke(JUnit4Provider.java:104)
	at sun.reflect.NativeMethodAccessorImpl.invoke0(Native Method)
	at sun.reflect.NativeMethodAccessorImpl.invoke(NativeMethodAccessorImpl.java:39)
	at sun.reflect.DelegatingMethodAccessorImpl.invoke(DelegatingMethodAccessorImpl.java:25)
	at java.lang.reflect.Method.invoke(Method.java:597)
	at org.apache.maven.surefire.util.ReflectionUtils.invokeMethodWithArray(ReflectionUtils.java:164)
	at org.apache.maven.surefire.booter.ProviderFactory$ProviderProxy.invoke(ProviderFactory.java:110)
	at org.apache.maven.surefire.booter.SurefireStarter.invokeProvider(SurefireStarter.java:172)
	at org.apache.maven.surefire.booter.SurefireStarter.runSuitesInProcessWhenForked(SurefireStarter.java:104)
	at org.apache.maven.surefire.booter.ForkedBooter.main(ForkedBooter.java:70)
Caused by: javax.validation.ConstraintViolationException: Validation failed for classes [com.source.project.entity.Loan] during persist time for groups [javax.validation.groups.Default, ]
List of constraint violations:[
	ConstraintViolationImpl{interpolatedMessage='may not be null', propertyPath=moneyLoan, rootBeanClass=class com.source.project.entity.Loan, messageTemplate='{javax.validation.constraints.NotNull.message}'}
	ConstraintViolationImpl{interpolatedMessage='may not be null', propertyPath=accountNumber, rootBeanClass=class com.source.project.entity.Loan, messageTemplate='{javax.validation.constraints.NotNull.message}'}
	ConstraintViolationImpl{interpolatedMessage='may not be null', propertyPath=reason, rootBeanClass=class com.source.project.entity.Loan, messageTemplate='{javax.validation.constraints.NotNull.message}'}
]
	at org.hibernate.cfg.beanvalidation.BeanValidationEventListener.validate(BeanValidationEventListener.java:161)
	at org.hibernate.cfg.beanvalidation.BeanValidationEventListener.onPreInsert(BeanValidationEventListener.java:94)
	at org.hibernate.action.EntityIdentityInsertAction.preInsert(EntityIdentityInsertAction.java:160)
	at org.hibernate.action.EntityIdentityInsertAction.execute(EntityIdentityInsertAction.java:65)
	at org.hibernate.engine.ActionQueue.execute(ActionQueue.java:273)
	at org.hibernate.event.def.AbstractSaveEventListener.performSaveOrReplicate(AbstractSaveEventListener.java:320)
	at org.hibernate.event.def.AbstractSaveEventListener.performSave(AbstractSaveEventListener.java:203)
	at org.hibernate.event.def.AbstractSaveEventListener.saveWithGeneratedId(AbstractSaveEventListener.java:129)
	at org.hibernate.ejb.event.EJB3PersistEventListener.saveWithGeneratedId(EJB3PersistEventListener.java:69)
	at org.hibernate.event.def.DefaultPersistEventListener.entityIsTransient(DefaultPersistEventListener.java:179)
	at org.hibernate.event.def.DefaultPersistEventListener.onPersist(DefaultPersistEventListener.java:135)
	at org.hibernate.event.def.DefaultPersistEventListener.onPersist(DefaultPersistEventListener.java:61)
	at org.hibernate.impl.SessionImpl.firePersist(SessionImpl.java:808)
	at org.hibernate.impl.SessionImpl.persist(SessionImpl.java:782)
	at org.hibernate.impl.SessionImpl.persist(SessionImpl.java:786)
	at org.hibernate.ejb.AbstractEntityManagerImpl.persist(AbstractEntityManagerImpl.java:837)
	at sun.reflect.GeneratedMethodAccessor17.invoke(Unknown Source)
	at sun.reflect.DelegatingMethodAccessorImpl.invoke(DelegatingMethodAccessorImpl.java:25)
	at java.lang.reflect.Method.invoke(Method.java:597)
	at org.springframework.orm.jpa.SharedEntityManagerCreator$SharedEntityManagerInvocationHandler.invoke(SharedEntityManagerCreator.java:240)
	at $Proxy36.persist(Unknown Source)
	at com.source.project.entity.Loan_Roo_Jpa_ActiveRecord.ajc$interMethod$com_source_project_entity_Loan_Roo_Jpa_ActiveRecord$com_source_project_entity_Loan$persist(Loan_Roo_Jpa_ActiveRecord.aj:43)
	at com.source.project.entity.Loan.persist(Loan.java:1)
	at com.source.project.entity.Loan_Roo_Jpa_ActiveRecord.ajc$interMethodDispatch1$com_source_project_entity_Loan_Roo_Jpa_ActiveRecord$com_source_project_entity_Loan$persist(Loan_Roo_Jpa_ActiveRecord.aj)
	at com.source.project.entity.LoanDataOnDemand_Roo_DataOnDemand.ajc$interMethod$com_source_project_entity_LoanDataOnDemand_Roo_DataOnDemand$com_source_project_entity_LoanDataOnDemand$init(LoanDataOnDemand_Roo_DataOnDemand.aj:123)
	... 41 more
testFindLoan(com.source.project.entity.LoanIntegrationTest)  Time elapsed: 0.021 sec  <<< ERROR!
java.lang.RuntimeException: [ConstraintDescriptorImpl{annotation=javax.validation.constraints.NotNull, payloads=[], hasComposingConstraints=true, isReportAsSingleInvalidConstraint=false, elementType=FIELD, definedOn=DEFINED_LOCALLY, groups=[interface javax.validation.groups.Default], attributes={message={javax.validation.constraints.NotNull.message}, payload=[Ljava.lang.Class;@edec92, groups=[Ljava.lang.Class;@46a658}}:may not be null=null][ConstraintDescriptorImpl{annotation=javax.validation.constraints.NotNull, payloads=[], hasComposingConstraints=true, isReportAsSingleInvalidConstraint=false, elementType=FIELD, definedOn=DEFINED_LOCALLY, groups=[interface javax.validation.groups.Default], attributes={message={javax.validation.constraints.NotNull.message}, payload=[Ljava.lang.Class;@edec92, groups=[Ljava.lang.Class;@46a658}}:may not be null=null][ConstraintDescriptorImpl{annotation=javax.validation.constraints.NotNull, payloads=[], hasComposingConstraints=true, isReportAsSingleInvalidConstraint=false, elementType=FIELD, definedOn=DEFINED_LOCALLY, groups=[interface javax.validation.groups.Default], attributes={message={javax.validation.constraints.NotNull.message}, payload=[Ljava.lang.Class;@edec92, groups=[Ljava.lang.Class;@46a658}}:may not be null=null]
	at com.source.project.entity.LoanDataOnDemand_Roo_DataOnDemand.ajc$interMethod$com_source_project_entity_LoanDataOnDemand_Roo_DataOnDemand$com_source_project_entity_LoanDataOnDemand$init(LoanDataOnDemand_Roo_DataOnDemand.aj:130)
	at com.source.project.entity.LoanDataOnDemand.init(LoanDataOnDemand.java:1)
	at com.source.project.entity.LoanDataOnDemand_Roo_DataOnDemand.ajc$interMethodDispatch1$com_source_project_entity_LoanDataOnDemand_Roo_DataOnDemand$com_source_project_entity_LoanDataOnDemand$init(LoanDataOnDemand_Roo_DataOnDemand.aj)
	at com.source.project.entity.LoanDataOnDemand_Roo_DataOnDemand.ajc$interMethod$com_source_project_entity_LoanDataOnDemand_Roo_DataOnDemand$com_source_project_entity_LoanDataOnDemand$getRandomLoan(LoanDataOnDemand_Roo_DataOnDemand.aj:98)
	at com.source.project.entity.LoanDataOnDemand.getRandomLoan(LoanDataOnDemand.java:1)
	at com.source.project.entity.LoanDataOnDemand_Roo_DataOnDemand.ajc$interMethodDispatch1$com_source_project_entity_LoanDataOnDemand_Roo_DataOnDemand$com_source_project_entity_LoanDataOnDemand$getRandomLoan(LoanDataOnDemand_Roo_DataOnDemand.aj)
	at com.source.project.entity.LoanIntegrationTest_Roo_IntegrationTest.ajc$interMethod$com_source_project_entity_LoanIntegrationTest_Roo_IntegrationTest$com_source_project_entity_LoanIntegrationTest$testFindLoan(LoanIntegrationTest_Roo_IntegrationTest.aj:38)
	at com.source.project.entity.LoanIntegrationTest.testFindLoan(LoanIntegrationTest.java:1)
	at sun.reflect.NativeMethodAccessorImpl.invoke0(Native Method)
	at sun.reflect.NativeMethodAccessorImpl.invoke(NativeMethodAccessorImpl.java:39)
	at sun.reflect.DelegatingMethodAccessorImpl.invoke(DelegatingMethodAccessorImpl.java:25)
	at java.lang.reflect.Method.invoke(Method.java:597)
	at org.junit.runners.model.FrameworkMethod$1.runReflectiveCall(FrameworkMethod.java:44)
	at org.junit.internal.runners.model.ReflectiveCallable.run(ReflectiveCallable.java:15)
	at org.junit.runners.model.FrameworkMethod.invokeExplosively(FrameworkMethod.java:41)
	at org.junit.internal.runners.statements.InvokeMethod.evaluate(InvokeMethod.java:20)
	at org.springframework.test.context.junit4.statements.RunBeforeTestMethodCallbacks.evaluate(RunBeforeTestMethodCallbacks.java:74)
	at org.springframework.test.context.junit4.statements.RunAfterTestMethodCallbacks.evaluate(RunAfterTestMethodCallbacks.java:83)
	at org.springframework.test.context.junit4.statements.SpringRepeat.evaluate(SpringRepeat.java:72)
	at org.springframework.test.context.junit4.SpringJUnit4ClassRunner.runChild(SpringJUnit4ClassRunner.java:231)
	at org.junit.runners.BlockJUnit4ClassRunner.runChild(BlockJUnit4ClassRunner.java:48)
	at org.junit.runners.ParentRunner$3.run(ParentRunner.java:231)
	at org.junit.runners.ParentRunner$1.schedule(ParentRunner.java:60)
	at org.junit.runners.ParentRunner.runChildren(ParentRunner.java:229)
	at org.junit.runners.ParentRunner.access$000(ParentRunner.java:50)
	at org.junit.runners.ParentRunner$2.evaluate(ParentRunner.java:222)
	at org.springframework.test.context.junit4.statements.RunBeforeTestClassCallbacks.evaluate(RunBeforeTestClassCallbacks.java:61)
	at org.springframework.test.context.junit4.statements.RunAfterTestClassCallbacks.evaluate(RunAfterTestClassCallbacks.java:71)
	at org.junit.runners.ParentRunner.run(ParentRunner.java:292)
	at org.springframework.test.context.junit4.SpringJUnit4ClassRunner.run(SpringJUnit4ClassRunner.java:174)
	at org.apache.maven.surefire.junit4.JUnit4TestSet.execute(JUnit4TestSet.java:53)
	at org.apache.maven.surefire.junit4.JUnit4Provider.executeTestSet(JUnit4Provider.java:123)
	at org.apache.maven.surefire.junit4.JUnit4Provider.invoke(JUnit4Provider.java:104)
	at sun.reflect.NativeMethodAccessorImpl.invoke0(Native Method)
	at sun.reflect.NativeMethodAccessorImpl.invoke(NativeMethodAccessorImpl.java:39)
	at sun.reflect.DelegatingMethodAccessorImpl.invoke(DelegatingMethodAccessorImpl.java:25)
	at java.lang.reflect.Method.invoke(Method.java:597)
	at org.apache.maven.surefire.util.ReflectionUtils.invokeMethodWithArray(ReflectionUtils.java:164)
	at org.apache.maven.surefire.booter.ProviderFactory$ProviderProxy.invoke(ProviderFactory.java:110)
	at org.apache.maven.surefire.booter.SurefireStarter.invokeProvider(SurefireStarter.java:172)
	at org.apache.maven.surefire.booter.SurefireStarter.runSuitesInProcessWhenForked(SurefireStarter.java:104)
	at org.apache.maven.surefire.booter.ForkedBooter.main(ForkedBooter.java:70)
Caused by: javax.validation.ConstraintViolationException: Validation failed for classes [com.source.project.entity.Loan] during persist time for groups [javax.validation.groups.Default, ]
List of constraint violations:[
	ConstraintViolationImpl{interpolatedMessage='may not be null', propertyPath=moneyLoan, rootBeanClass=class com.source.project.entity.Loan, messageTemplate='{javax.validation.constraints.NotNull.message}'}
	ConstraintViolationImpl{interpolatedMessage='may not be null', propertyPath=accountNumber, rootBeanClass=class com.source.project.entity.Loan, messageTemplate='{javax.validation.constraints.NotNull.message}'}
	ConstraintViolationImpl{interpolatedMessage='may not be null', propertyPath=reason, rootBeanClass=class com.source.project.entity.Loan, messageTemplate='{javax.validation.constraints.NotNull.message}'}
]
	at org.hibernate.cfg.beanvalidation.BeanValidationEventListener.validate(BeanValidationEventListener.java:161)
	at org.hibernate.cfg.beanvalidation.BeanValidationEventListener.onPreInsert(BeanValidationEventListener.java:94)
	at org.hibernate.action.EntityIdentityInsertAction.preInsert(EntityIdentityInsertAction.java:160)
	at org.hibernate.action.EntityIdentityInsertAction.execute(EntityIdentityInsertAction.java:65)
	at org.hibernate.engine.ActionQueue.execute(ActionQueue.java:273)
	at org.hibernate.event.def.AbstractSaveEventListener.performSaveOrReplicate(AbstractSaveEventListener.java:320)
	at org.hibernate.event.def.AbstractSaveEventListener.performSave(AbstractSaveEventListener.java:203)
	at org.hibernate.event.def.AbstractSaveEventListener.saveWithGeneratedId(AbstractSaveEventListener.java:129)
	at org.hibernate.ejb.event.EJB3PersistEventListener.saveWithGeneratedId(EJB3PersistEventListener.java:69)
	at org.hibernate.event.def.DefaultPersistEventListener.entityIsTransient(DefaultPersistEventListener.java:179)
	at org.hibernate.event.def.DefaultPersistEventListener.onPersist(DefaultPersistEventListener.java:135)
	at org.hibernate.event.def.DefaultPersistEventListener.onPersist(DefaultPersistEventListener.java:61)
	at org.hibernate.impl.SessionImpl.firePersist(SessionImpl.java:808)
	at org.hibernate.impl.SessionImpl.persist(SessionImpl.java:782)
	at org.hibernate.impl.SessionImpl.persist(SessionImpl.java:786)
	at org.hibernate.ejb.AbstractEntityManagerImpl.persist(AbstractEntityManagerImpl.java:837)
	at sun.reflect.GeneratedMethodAccessor17.invoke(Unknown Source)
	at sun.reflect.DelegatingMethodAccessorImpl.invoke(DelegatingMethodAccessorImpl.java:25)
	at java.lang.reflect.Method.invoke(Method.java:597)
	at org.springframework.orm.jpa.SharedEntityManagerCreator$SharedEntityManagerInvocationHandler.invoke(SharedEntityManagerCreator.java:240)
	at $Proxy36.persist(Unknown Source)
	at com.source.project.entity.Loan_Roo_Jpa_ActiveRecord.ajc$interMethod$com_source_project_entity_Loan_Roo_Jpa_ActiveRecord$com_source_project_entity_Loan$persist(Loan_Roo_Jpa_ActiveRecord.aj:43)
	at com.source.project.entity.Loan.persist(Loan.java:1)
	at com.source.project.entity.Loan_Roo_Jpa_ActiveRecord.ajc$interMethodDispatch1$com_source_project_entity_Loan_Roo_Jpa_ActiveRecord$com_source_project_entity_Loan$persist(Loan_Roo_Jpa_ActiveRecord.aj)
	at com.source.project.entity.LoanDataOnDemand_Roo_DataOnDemand.ajc$interMethod$com_source_project_entity_LoanDataOnDemand_Roo_DataOnDemand$com_source_project_entity_LoanDataOnDemand$init(LoanDataOnDemand_Roo_DataOnDemand.aj:123)
	... 41 more
testFindAllLoans(com.source.project.entity.LoanIntegrationTest)  Time elapsed: 0.031 sec  <<< ERROR!
java.lang.RuntimeException: [ConstraintDescriptorImpl{annotation=javax.validation.constraints.NotNull, payloads=[], hasComposingConstraints=true, isReportAsSingleInvalidConstraint=false, elementType=FIELD, definedOn=DEFINED_LOCALLY, groups=[interface javax.validation.groups.Default], attributes={message={javax.validation.constraints.NotNull.message}, payload=[Ljava.lang.Class;@edec92, groups=[Ljava.lang.Class;@46a658}}:may not be null=null][ConstraintDescriptorImpl{annotation=javax.validation.constraints.NotNull, payloads=[], hasComposingConstraints=true, isReportAsSingleInvalidConstraint=false, elementType=FIELD, definedOn=DEFINED_LOCALLY, groups=[interface javax.validation.groups.Default], attributes={message={javax.validation.constraints.NotNull.message}, payload=[Ljava.lang.Class;@edec92, groups=[Ljava.lang.Class;@46a658}}:may not be null=null][ConstraintDescriptorImpl{annotation=javax.validation.constraints.NotNull, payloads=[], hasComposingConstraints=true, isReportAsSingleInvalidConstraint=false, elementType=FIELD, definedOn=DEFINED_LOCALLY, groups=[interface javax.validation.groups.Default], attributes={message={javax.validation.constraints.NotNull.message}, payload=[Ljava.lang.Class;@edec92, groups=[Ljava.lang.Class;@46a658}}:may not be null=null]
	at com.source.project.entity.LoanDataOnDemand_Roo_DataOnDemand.ajc$interMethod$com_source_project_entity_LoanDataOnDemand_Roo_DataOnDemand$com_source_project_entity_LoanDataOnDemand$init(LoanDataOnDemand_Roo_DataOnDemand.aj:130)
	at com.source.project.entity.LoanDataOnDemand.init(LoanDataOnDemand.java:1)
	at com.source.project.entity.LoanDataOnDemand_Roo_DataOnDemand.ajc$interMethodDispatch1$com_source_project_entity_LoanDataOnDemand_Roo_DataOnDemand$com_source_project_entity_LoanDataOnDemand$init(LoanDataOnDemand_Roo_DataOnDemand.aj)
	at com.source.project.entity.LoanDataOnDemand_Roo_DataOnDemand.ajc$interMethod$com_source_project_entity_LoanDataOnDemand_Roo_DataOnDemand$com_source_project_entity_LoanDataOnDemand$getRandomLoan(LoanDataOnDemand_Roo_DataOnDemand.aj:98)
	at com.source.project.entity.LoanDataOnDemand.getRandomLoan(LoanDataOnDemand.java:1)
	at com.source.project.entity.LoanDataOnDemand_Roo_DataOnDemand.ajc$interMethodDispatch1$com_source_project_entity_LoanDataOnDemand_Roo_DataOnDemand$com_source_project_entity_LoanDataOnDemand$getRandomLoan(LoanDataOnDemand_Roo_DataOnDemand.aj)
	at com.source.project.entity.LoanIntegrationTest_Roo_IntegrationTest.ajc$interMethod$com_source_project_entity_LoanIntegrationTest_Roo_IntegrationTest$com_source_project_entity_LoanIntegrationTest$testFindAllLoans(LoanIntegrationTest_Roo_IntegrationTest.aj:49)
	at com.source.project.entity.LoanIntegrationTest.testFindAllLoans(LoanIntegrationTest.java:1)
	at sun.reflect.NativeMethodAccessorImpl.invoke0(Native Method)
	at sun.reflect.NativeMethodAccessorImpl.invoke(NativeMethodAccessorImpl.java:39)
	at sun.reflect.DelegatingMethodAccessorImpl.invoke(DelegatingMethodAccessorImpl.java:25)
	at java.lang.reflect.Method.invoke(Method.java:597)
	at org.junit.runners.model.FrameworkMethod$1.runReflectiveCall(FrameworkMethod.java:44)
	at org.junit.internal.runners.model.ReflectiveCallable.run(ReflectiveCallable.java:15)
	at org.junit.runners.model.FrameworkMethod.invokeExplosively(FrameworkMethod.java:41)
	at org.junit.internal.runners.statements.InvokeMethod.evaluate(InvokeMethod.java:20)
	at org.springframework.test.context.junit4.statements.RunBeforeTestMethodCallbacks.evaluate(RunBeforeTestMethodCallbacks.java:74)
	at org.springframework.test.context.junit4.statements.RunAfterTestMethodCallbacks.evaluate(RunAfterTestMethodCallbacks.java:83)
	at org.springframework.test.context.junit4.statements.SpringRepeat.evaluate(SpringRepeat.java:72)
	at org.springframework.test.context.junit4.SpringJUnit4ClassRunner.runChild(SpringJUnit4ClassRunner.java:231)
	at org.junit.runners.BlockJUnit4ClassRunner.runChild(BlockJUnit4ClassRunner.java:48)
	at org.junit.runners.ParentRunner$3.run(ParentRunner.java:231)
	at org.junit.runners.ParentRunner$1.schedule(ParentRunner.java:60)
	at org.junit.runners.ParentRunner.runChildren(ParentRunner.java:229)
	at org.junit.runners.ParentRunner.access$000(ParentRunner.java:50)
	at org.junit.runners.ParentRunner$2.evaluate(ParentRunner.java:222)
	at org.springframework.test.context.junit4.statements.RunBeforeTestClassCallbacks.evaluate(RunBeforeTestClassCallbacks.java:61)
	at org.springframework.test.context.junit4.statements.RunAfterTestClassCallbacks.evaluate(RunAfterTestClassCallbacks.java:71)
	at org.junit.runners.ParentRunner.run(ParentRunner.java:292)
	at org.springframework.test.context.junit4.SpringJUnit4ClassRunner.run(SpringJUnit4ClassRunner.java:174)
	at org.apache.maven.surefire.junit4.JUnit4TestSet.execute(JUnit4TestSet.java:53)
	at org.apache.maven.surefire.junit4.JUnit4Provider.executeTestSet(JUnit4Provider.java:123)
	at org.apache.maven.surefire.junit4.JUnit4Provider.invoke(JUnit4Provider.java:104)
	at sun.reflect.NativeMethodAccessorImpl.invoke0(Native Method)
	at sun.reflect.NativeMethodAccessorImpl.invoke(NativeMethodAccessorImpl.java:39)
	at sun.reflect.DelegatingMethodAccessorImpl.invoke(DelegatingMethodAccessorImpl.java:25)
	at java.lang.reflect.Method.invoke(Method.java:597)
	at org.apache.maven.surefire.util.ReflectionUtils.invokeMethodWithArray(ReflectionUtils.java:164)
	at org.apache.maven.surefire.booter.ProviderFactory$ProviderProxy.invoke(ProviderFactory.java:110)
	at org.apache.maven.surefire.booter.SurefireStarter.invokeProvider(SurefireStarter.java:172)
	at org.apache.maven.surefire.booter.SurefireStarter.runSuitesInProcessWhenForked(SurefireStarter.java:104)
	at org.apache.maven.surefire.booter.ForkedBooter.main(ForkedBooter.java:70)
Caused by: javax.validation.ConstraintViolationException: Validation failed for classes [com.source.project.entity.Loan] during persist time for groups [javax.validation.groups.Default, ]
List of constraint violations:[
	ConstraintViolationImpl{interpolatedMessage='may not be null', propertyPath=reason, rootBeanClass=class com.source.project.entity.Loan, messageTemplate='{javax.validation.constraints.NotNull.message}'}
	ConstraintViolationImpl{interpolatedMessage='may not be null', propertyPath=accountNumber, rootBeanClass=class com.source.project.entity.Loan, messageTemplate='{javax.validation.constraints.NotNull.message}'}
	ConstraintViolationImpl{interpolatedMessage='may not be null', propertyPath=moneyLoan, rootBeanClass=class com.source.project.entity.Loan, messageTemplate='{javax.validation.constraints.NotNull.message}'}
]
	at org.hibernate.cfg.beanvalidation.BeanValidationEventListener.validate(BeanValidationEventListener.java:161)
	at org.hibernate.cfg.beanvalidation.BeanValidationEventListener.onPreInsert(BeanValidationEventListener.java:94)
	at org.hibernate.action.EntityIdentityInsertAction.preInsert(EntityIdentityInsertAction.java:160)
	at org.hibernate.action.EntityIdentityInsertAction.execute(EntityIdentityInsertAction.java:65)
	at org.hibernate.engine.ActionQueue.execute(ActionQueue.java:273)
	at org.hibernate.event.def.AbstractSaveEventListener.performSaveOrReplicate(AbstractSaveEventListener.java:320)
	at org.hibernate.event.def.AbstractSaveEventListener.performSave(AbstractSaveEventListener.java:203)
	at org.hibernate.event.def.AbstractSaveEventListener.saveWithGeneratedId(AbstractSaveEventListener.java:129)
	at org.hibernate.ejb.event.EJB3PersistEventListener.saveWithGeneratedId(EJB3PersistEventListener.java:69)
	at org.hibernate.event.def.DefaultPersistEventListener.entityIsTransient(DefaultPersistEventListener.java:179)
	at org.hibernate.event.def.DefaultPersistEventListener.onPersist(DefaultPersistEventListener.java:135)
	at org.hibernate.event.def.DefaultPersistEventListener.onPersist(DefaultPersistEventListener.java:61)
	at org.hibernate.impl.SessionImpl.firePersist(SessionImpl.java:808)
	at org.hibernate.impl.SessionImpl.persist(SessionImpl.java:782)
	at org.hibernate.impl.SessionImpl.persist(SessionImpl.java:786)
	at org.hibernate.ejb.AbstractEntityManagerImpl.persist(AbstractEntityManagerImpl.java:837)
	at sun.reflect.GeneratedMethodAccessor17.invoke(Unknown Source)
	at sun.reflect.DelegatingMethodAccessorImpl.invoke(DelegatingMethodAccessorImpl.java:25)
	at java.lang.reflect.Method.invoke(Method.java:597)
	at org.springframework.orm.jpa.SharedEntityManagerCreator$SharedEntityManagerInvocationHandler.invoke(SharedEntityManagerCreator.java:240)
	at $Proxy36.persist(Unknown Source)
	at com.source.project.entity.Loan_Roo_Jpa_ActiveRecord.ajc$interMethod$com_source_project_entity_Loan_Roo_Jpa_ActiveRecord$com_source_project_entity_Loan$persist(Loan_Roo_Jpa_ActiveRecord.aj:43)
	at com.source.project.entity.Loan.persist(Loan.java:1)
	at com.source.project.entity.Loan_Roo_Jpa_ActiveRecord.ajc$interMethodDispatch1$com_source_project_entity_Loan_Roo_Jpa_ActiveRecord$com_source_project_entity_Loan$persist(Loan_Roo_Jpa_ActiveRecord.aj)
	at com.source.project.entity.LoanDataOnDemand_Roo_DataOnDemand.ajc$interMethod$com_source_project_entity_LoanDataOnDemand_Roo_DataOnDemand$com_source_project_entity_LoanDataOnDemand$init(LoanDataOnDemand_Roo_DataOnDemand.aj:123)
	... 41 more
testFindLoanEntries(com.source.project.entity.LoanIntegrationTest)  Time elapsed: 0.021 sec  <<< ERROR!
java.lang.RuntimeException: [ConstraintDescriptorImpl{annotation=javax.validation.constraints.NotNull, payloads=[], hasComposingConstraints=true, isReportAsSingleInvalidConstraint=false, elementType=FIELD, definedOn=DEFINED_LOCALLY, groups=[interface javax.validation.groups.Default], attributes={message={javax.validation.constraints.NotNull.message}, payload=[Ljava.lang.Class;@edec92, groups=[Ljava.lang.Class;@46a658}}:may not be null=null][ConstraintDescriptorImpl{annotation=javax.validation.constraints.NotNull, payloads=[], hasComposingConstraints=true, isReportAsSingleInvalidConstraint=false, elementType=FIELD, definedOn=DEFINED_LOCALLY, groups=[interface javax.validation.groups.Default], attributes={message={javax.validation.constraints.NotNull.message}, payload=[Ljava.lang.Class;@edec92, groups=[Ljava.lang.Class;@46a658}}:may not be null=null][ConstraintDescriptorImpl{annotation=javax.validation.constraints.NotNull, payloads=[], hasComposingConstraints=true, isReportAsSingleInvalidConstraint=false, elementType=FIELD, definedOn=DEFINED_LOCALLY, groups=[interface javax.validation.groups.Default], attributes={message={javax.validation.constraints.NotNull.message}, payload=[Ljava.lang.Class;@edec92, groups=[Ljava.lang.Class;@46a658}}:may not be null=null]
	at com.source.project.entity.LoanDataOnDemand_Roo_DataOnDemand.ajc$interMethod$com_source_project_entity_LoanDataOnDemand_Roo_DataOnDemand$com_source_project_entity_LoanDataOnDemand$init(LoanDataOnDemand_Roo_DataOnDemand.aj:130)
	at com.source.project.entity.LoanDataOnDemand.init(LoanDataOnDemand.java:1)
	at com.source.project.entity.LoanDataOnDemand_Roo_DataOnDemand.ajc$interMethodDispatch1$com_source_project_entity_LoanDataOnDemand_Roo_DataOnDemand$com_source_project_entity_LoanDataOnDemand$init(LoanDataOnDemand_Roo_DataOnDemand.aj)
	at com.source.project.entity.LoanDataOnDemand_Roo_DataOnDemand.ajc$interMethod$com_source_project_entity_LoanDataOnDemand_Roo_DataOnDemand$com_source_project_entity_LoanDataOnDemand$getRandomLoan(LoanDataOnDemand_Roo_DataOnDemand.aj:98)
	at com.source.project.entity.LoanDataOnDemand.getRandomLoan(LoanDataOnDemand.java:1)
	at com.source.project.entity.LoanDataOnDemand_Roo_DataOnDemand.ajc$interMethodDispatch1$com_source_project_entity_LoanDataOnDemand_Roo_DataOnDemand$com_source_project_entity_LoanDataOnDemand$getRandomLoan(LoanDataOnDemand_Roo_DataOnDemand.aj)
	at com.source.project.entity.LoanIntegrationTest_Roo_IntegrationTest.ajc$interMethod$com_source_project_entity_LoanIntegrationTest_Roo_IntegrationTest$com_source_project_entity_LoanIntegrationTest$testFindLoanEntries(LoanIntegrationTest_Roo_IntegrationTest.aj:59)
	at com.source.project.entity.LoanIntegrationTest.testFindLoanEntries(LoanIntegrationTest.java:1)
	at sun.reflect.NativeMethodAccessorImpl.invoke0(Native Method)
	at sun.reflect.NativeMethodAccessorImpl.invoke(NativeMethodAccessorImpl.java:39)
	at sun.reflect.DelegatingMethodAccessorImpl.invoke(DelegatingMethodAccessorImpl.java:25)
	at java.lang.reflect.Method.invoke(Method.java:597)
	at org.junit.runners.model.FrameworkMethod$1.runReflectiveCall(FrameworkMethod.java:44)
	at org.junit.internal.runners.model.ReflectiveCallable.run(ReflectiveCallable.java:15)
	at org.junit.runners.model.FrameworkMethod.invokeExplosively(FrameworkMethod.java:41)
	at org.junit.internal.runners.statements.InvokeMethod.evaluate(InvokeMethod.java:20)
	at org.springframework.test.context.junit4.statements.RunBeforeTestMethodCallbacks.evaluate(RunBeforeTestMethodCallbacks.java:74)
	at org.springframework.test.context.junit4.statements.RunAfterTestMethodCallbacks.evaluate(RunAfterTestMethodCallbacks.java:83)
	at org.springframework.test.context.junit4.statements.SpringRepeat.evaluate(SpringRepeat.java:72)
	at org.springframework.test.context.junit4.SpringJUnit4ClassRunner.runChild(SpringJUnit4ClassRunner.java:231)
	at org.junit.runners.BlockJUnit4ClassRunner.runChild(BlockJUnit4ClassRunner.java:48)
	at org.junit.runners.ParentRunner$3.run(ParentRunner.java:231)
	at org.junit.runners.ParentRunner$1.schedule(ParentRunner.java:60)
	at org.junit.runners.ParentRunner.runChildren(ParentRunner.java:229)
	at org.junit.runners.ParentRunner.access$000(ParentRunner.java:50)
	at org.junit.runners.ParentRunner$2.evaluate(ParentRunner.java:222)
	at org.springframework.test.context.junit4.statements.RunBeforeTestClassCallbacks.evaluate(RunBeforeTestClassCallbacks.java:61)
	at org.springframework.test.context.junit4.statements.RunAfterTestClassCallbacks.evaluate(RunAfterTestClassCallbacks.java:71)
	at org.junit.runners.ParentRunner.run(ParentRunner.java:292)
	at org.springframework.test.context.junit4.SpringJUnit4ClassRunner.run(SpringJUnit4ClassRunner.java:174)
	at org.apache.maven.surefire.junit4.JUnit4TestSet.execute(JUnit4TestSet.java:53)
	at org.apache.maven.surefire.junit4.JUnit4Provider.executeTestSet(JUnit4Provider.java:123)
	at org.apache.maven.surefire.junit4.JUnit4Provider.invoke(JUnit4Provider.java:104)
	at sun.reflect.NativeMethodAccessorImpl.invoke0(Native Method)
	at sun.reflect.NativeMethodAccessorImpl.invoke(NativeMethodAccessorImpl.java:39)
	at sun.reflect.DelegatingMethodAccessorImpl.invoke(DelegatingMethodAccessorImpl.java:25)
	at java.lang.reflect.Method.invoke(Method.java:597)
	at org.apache.maven.surefire.util.ReflectionUtils.invokeMethodWithArray(ReflectionUtils.java:164)
	at org.apache.maven.surefire.booter.ProviderFactory$ProviderProxy.invoke(ProviderFactory.java:110)
	at org.apache.maven.surefire.booter.SurefireStarter.invokeProvider(SurefireStarter.java:172)
	at org.apache.maven.surefire.booter.SurefireStarter.runSuitesInProcessWhenForked(SurefireStarter.java:104)
	at org.apache.maven.surefire.booter.ForkedBooter.main(ForkedBooter.java:70)
Caused by: javax.validation.ConstraintViolationException: Validation failed for classes [com.source.project.entity.Loan] during persist time for groups [javax.validation.groups.Default, ]
List of constraint violations:[
	ConstraintViolationImpl{interpolatedMessage='may not be null', propertyPath=reason, rootBeanClass=class com.source.project.entity.Loan, messageTemplate='{javax.validation.constraints.NotNull.message}'}
	ConstraintViolationImpl{interpolatedMessage='may not be null', propertyPath=moneyLoan, rootBeanClass=class com.source.project.entity.Loan, messageTemplate='{javax.validation.constraints.NotNull.message}'}
	ConstraintViolationImpl{interpolatedMessage='may not be null', propertyPath=accountNumber, rootBeanClass=class com.source.project.entity.Loan, messageTemplate='{javax.validation.constraints.NotNull.message}'}
]
	at org.hibernate.cfg.beanvalidation.BeanValidationEventListener.validate(BeanValidationEventListener.java:161)
	at org.hibernate.cfg.beanvalidation.BeanValidationEventListener.onPreInsert(BeanValidationEventListener.java:94)
	at org.hibernate.action.EntityIdentityInsertAction.preInsert(EntityIdentityInsertAction.java:160)
	at org.hibernate.action.EntityIdentityInsertAction.execute(EntityIdentityInsertAction.java:65)
	at org.hibernate.engine.ActionQueue.execute(ActionQueue.java:273)
	at org.hibernate.event.def.AbstractSaveEventListener.performSaveOrReplicate(AbstractSaveEventListener.java:320)
	at org.hibernate.event.def.AbstractSaveEventListener.performSave(AbstractSaveEventListener.java:203)
	at org.hibernate.event.def.AbstractSaveEventListener.saveWithGeneratedId(AbstractSaveEventListener.java:129)
	at org.hibernate.ejb.event.EJB3PersistEventListener.saveWithGeneratedId(EJB3PersistEventListener.java:69)
	at org.hibernate.event.def.DefaultPersistEventListener.entityIsTransient(DefaultPersistEventListener.java:179)
	at org.hibernate.event.def.DefaultPersistEventListener.onPersist(DefaultPersistEventListener.java:135)
	at org.hibernate.event.def.DefaultPersistEventListener.onPersist(DefaultPersistEventListener.java:61)
	at org.hibernate.impl.SessionImpl.firePersist(SessionImpl.java:808)
	at org.hibernate.impl.SessionImpl.persist(SessionImpl.java:782)
	at org.hibernate.impl.SessionImpl.persist(SessionImpl.java:786)
	at org.hibernate.ejb.AbstractEntityManagerImpl.persist(AbstractEntityManagerImpl.java:837)
	at sun.reflect.GeneratedMethodAccessor17.invoke(Unknown Source)
	at sun.reflect.DelegatingMethodAccessorImpl.invoke(DelegatingMethodAccessorImpl.java:25)
	at java.lang.reflect.Method.invoke(Method.java:597)
	at org.springframework.orm.jpa.SharedEntityManagerCreator$SharedEntityManagerInvocationHandler.invoke(SharedEntityManagerCreator.java:240)
	at $Proxy36.persist(Unknown Source)
	at com.source.project.entity.Loan_Roo_Jpa_ActiveRecord.ajc$interMethod$com_source_project_entity_Loan_Roo_Jpa_ActiveRecord$com_source_project_entity_Loan$persist(Loan_Roo_Jpa_ActiveRecord.aj:43)
	at com.source.project.entity.Loan.persist(Loan.java:1)
	at com.source.project.entity.Loan_Roo_Jpa_ActiveRecord.ajc$interMethodDispatch1$com_source_project_entity_Loan_Roo_Jpa_ActiveRecord$com_source_project_entity_Loan$persist(Loan_Roo_Jpa_ActiveRecord.aj)
	at com.source.project.entity.LoanDataOnDemand_Roo_DataOnDemand.ajc$interMethod$com_source_project_entity_LoanDataOnDemand_Roo_DataOnDemand$com_source_project_entity_LoanDataOnDemand$init(LoanDataOnDemand_Roo_DataOnDemand.aj:123)
	... 41 more
