<?xml version="1.0" encoding="UTF-8" ?>
<testsuite failures="0" time="4.65" errors="0" skipped="0" tests="9" name="com.source.project.domain.EmployeeIntegrationTest">
  <properties>
[...]
</properties>
  <testcase time="3.812" classname="com.source.project.domain.EmployeeIntegrationTest" name="testMarkerMethod"/>
  <testcase time="0.445" classname="com.source.project.domain.EmployeeIntegrationTest" name="testCountEmployees"/>
  <testcase time="0.032" classname="com.source.project.domain.EmployeeIntegrationTest" name="testFindEmployee"/>
  <testcase time="0.015" classname="com.source.project.domain.EmployeeIntegrationTest" name="testFindAllEmployees"/>
  <testcase time="0.016" classname="com.source.project.domain.EmployeeIntegrationTest" name="testFindEmployeeEntries"/>
  <testcase time="0.032" classname="com.source.project.domain.EmployeeIntegrationTest" name="testFlush"/>
  <testcase time="0.022" classname="com.source.project.domain.EmployeeIntegrationTest" name="testMergeUpdate"/>
  <testcase time="0.018" classname="com.source.project.domain.EmployeeIntegrationTest" name="testPersist"/>
  <testcase time="0.032" classname="com.source.project.domain.EmployeeIntegrationTest" name="testRemove"/>
</testsuite>